<?xml version="1.0" encoding="UTF-8"?>
<testsuite xmlns:xsi="http://www.w3.org/2001/XMLSchema-instance" xsi:noNamespaceSchemaLocation="https://maven.apache.org/surefire/maven-surefire-plugin/xsd/surefire-test-report.xsd" version="3.0.2" name="com.pasajeya.PasajeYaApplicationTests" time="9.432" tests="1" errors="0" skipped="0" failures="0">
  <properties>
[...]
</properties>
  <testcase name="contextLoads" classname="com.pasajeya.PasajeYaApplicationTests" time="2.45">
    <system-out><![CDATA[21:15:37.225 [main] INFO org.springframework.test.context.support.AnnotationConfigContextLoaderUtils -- Could not detect default configuration classes for test class [com.pasajeya.PasajeYaApplicationTests]: PasajeYaApplicationTests does not declare any static, non-private, non-final, nested classes annotated with @Configuration.
21:15:37.447 [main] INFO org.springframework.boot.test.context.SpringBootTestContextBootstrapper -- Found @SpringBootConfiguration com.pasajeya.PasajeYaApplication for test class com.pasajeya.PasajeYaApplicationTests
21:15:37.764 [main] INFO org.springframework.boot.devtools.restart.RestartApplicationListener -- Restart disabled due to context in which it is running
21:15:37,031 |-INFO in ch.qos.logback.classic.LoggerContext[default] - This is logback-classic version 1.5.18
21:15:37,033 |-INFO in ch.qos.logback.classic.util.ContextInitializer@7a26928a - Here is a list of configurators discovered as a service, by rank: 
21:15:37,033 |-INFO in ch.qos.logback.classic.util.ContextInitializer@7a26928a -   org.springframework.boot.logging.logback.RootLogLevelConfigurator
21:15:37,033 |-INFO in ch.qos.logback.classic.util.ContextInitializer@7a26928a - They will be invoked in order until ExecutionStatus.DO_NOT_INVOKE_NEXT_IF_ANY is returned.
21:15:37,033 |-INFO in ch.qos.logback.classic.util.ContextInitializer@7a26928a - Constructed configurator of type class org.springframework.boot.logging.logback.RootLogLevelConfigurator
21:15:37,049 |-INFO in ch.qos.logback.classic.util.ContextInitializer@7a26928a - org.springframework.boot.logging.logback.RootLogLevelConfigurator.configure() call lasted 0 milliseconds. ExecutionStatus=INVOKE_NEXT_IF_ANY
21:15:37,049 |-INFO in ch.qos.logback.classic.util.ContextInitializer@7a26928a - Trying to configure with ch.qos.logback.classic.joran.SerializedModelConfigurator
21:15:37,049 |-INFO in ch.qos.logback.classic.util.ContextInitializer@7a26928a - Constructed configurator of type class ch.qos.logback.classic.joran.SerializedModelConfigurator
21:15:37,054 |-INFO in ch.qos.logback.classic.LoggerContext[default] - Could NOT find resource [logback-test.scmo]
21:15:37,054 |-INFO in ch.qos.logback.classic.LoggerContext[default] - Could NOT find resource [logback.scmo]
21:15:37,054 |-INFO in ch.qos.logback.classic.util.ContextInitializer@7a26928a - ch.qos.logback.classic.joran.SerializedModelConfigurator.configure() call lasted 5 milliseconds. ExecutionStatus=INVOKE_NEXT_IF_ANY
21:15:37,054 |-INFO in ch.qos.logback.classic.util.ContextInitializer@7a26928a - Trying to configure with ch.qos.logback.classic.util.DefaultJoranConfigurator
21:15:37,054 |-INFO in ch.qos.logback.classic.util.ContextInitializer@7a26928a - Constructed configurator of type class ch.qos.logback.classic.util.DefaultJoranConfigurator
21:15:37,056 |-INFO in ch.qos.logback.classic.LoggerContext[default] - Could NOT find resource [logback-test.xml]
21:15:37,056 |-INFO in ch.qos.logback.classic.LoggerContext[default] - Could NOT find resource [logback.xml]
21:15:37,056 |-INFO in ch.qos.logback.classic.util.ContextInitializer@7a26928a - ch.qos.logback.classic.util.DefaultJoranConfigurator.configure() call lasted 2 milliseconds. ExecutionStatus=INVOKE_NEXT_IF_ANY
21:15:37,056 |-INFO in ch.qos.logback.classic.util.ContextInitializer@7a26928a - Trying to configure with ch.qos.logback.classic.BasicConfigurator
21:15:37,058 |-INFO in ch.qos.logback.classic.util.ContextInitializer@7a26928a - Constructed configurator of type class ch.qos.logback.classic.BasicConfigurator
21:15:37,058 |-INFO in ch.qos.logback.classic.BasicConfigurator@601cbd8c - Setting up default configuration.
21:15:37,074 |-INFO in ch.qos.logback.core.ConsoleAppender[console] - BEWARE: Writing to the console can be very slow. Avoid logging to the 
21:15:37,074 |-INFO in ch.qos.logback.core.ConsoleAppender[console] - console in production environments, especially in high volume systems.
21:15:37,074 |-INFO in ch.qos.logback.core.ConsoleAppender[console] - See also https://logback.qos.ch/codes.html#slowConsole
21:15:37,074 |-INFO in ch.qos.logback.classic.util.ContextInitializer@7a26928a - ch.qos.logback.classic.BasicConfigurator.configure() call lasted 16 milliseconds. ExecutionStatus=NEUTRAL
21:15:38,211 |-WARN in ch.qos.logback.core.joran.action.ConversionRuleAction - [converterClass] attribute is deprecated and replaced by [class]. See element [conversionRule] near line 6
21:15:38,211 |-WARN in ch.qos.logback.core.joran.action.ConversionRuleAction - [converterClass] attribute is deprecated and replaced by [class]. See element [conversionRule] near line 8
21:15:38,307 |-INFO in ch.qos.logback.core.model.processor.ConversionRuleModelHandler - registering conversion word clr with class [org.springframework.boot.logging.logback.ColorConverter]
21:15:38,307 |-INFO in ch.qos.logback.core.model.processor.ConversionRuleModelHandler - registering conversion word wex with class [org.springframework.boot.logging.logback.WhitespaceThrowableProxyConverter]
21:15:38,322 |-INFO in ch.qos.logback.core.model.processor.AppenderModelHandler - Processing appender named [CONSOLE]
21:15:38,322 |-INFO in ch.qos.logback.core.model.processor.AppenderModelHandler - About to instantiate appender of type [ch.qos.logback.core.ConsoleAppender]
21:15:38,335 |-INFO in ch.qos.logback.core.model.processor.ImplicitModelHandler - Assuming default type [ch.qos.logback.classic.encoder.PatternLayoutEncoder] for [encoder] property
21:15:38,337 |-INFO in ch.qos.logback.core.model.processor.ModelInterpretationContext@7180e701 - value "%clr(%d{HH:mm:ss.SSS}){faint} %clr(%-5level) %clr(---){faint} %clr(%-40.40logger{36}){cyan} : %m%n%wex" substituted for "${PATRON}"
21:15:38,433 |-INFO in ch.qos.logback.core.ConsoleAppender[CONSOLE] - BEWARE: Writing to the console can be very slow. Avoid logging to the 
21:15:38,433 |-INFO in ch.qos.logback.core.ConsoleAppender[CONSOLE] - console in production environments, especially in high volume systems.
21:15:38,433 |-INFO in ch.qos.logback.core.ConsoleAppender[CONSOLE] - See also https://logback.qos.ch/codes.html#slowConsole
21:15:38,433 |-INFO in ch.qos.logback.classic.model.processor.LoggerModelHandler - Setting level of logger [com.pasajeya] to DEBUG
21:15:38,433 |-INFO in ch.qos.logback.classic.jul.LevelChangePropagator@4e2c95ee - Propagating DEBUG level on Logger[com.pasajeya] onto the JUL framework
21:15:38,465 |-INFO in ch.qos.logback.classic.model.processor.LoggerModelHandler - Setting additivity of logger [com.pasajeya] to false
21:15:38,465 |-INFO in ch.qos.logback.core.model.processor.AppenderRefModelHandler - Attaching appender named [CONSOLE] to Logger[com.pasajeya]
21:15:38,465 |-INFO in ch.qos.logback.classic.model.processor.LoggerModelHandler - Setting level of logger [org.springframework.web] to INFO
21:15:38,465 |-INFO in ch.qos.logback.classic.jul.LevelChangePropagator@4e2c95ee - Propagating INFO level on Logger[org.springframework.web] onto the JUL framework
21:15:38,465 |-INFO in ch.qos.logback.classic.model.processor.LoggerModelHandler - Setting level of logger [org.springframework] to WARN
21:15:38,465 |-INFO in ch.qos.logback.classic.jul.LevelChangePropagator@4e2c95ee - Propagating WARN level on Logger[org.springframework] onto the JUL framework
21:15:38,465 |-INFO in ch.qos.logback.classic.model.processor.RootLoggerModelHandler - Setting level of ROOT logger to INFO
21:15:38,465 |-INFO in ch.qos.logback.classic.jul.LevelChangePropagator@4e2c95ee - Propagating INFO level on Logger[ROOT] onto the JUL framework
21:15:38,465 |-INFO in ch.qos.logback.core.model.processor.AppenderRefModelHandler - Attaching appender named [CONSOLE] to Logger[ROOT]
21:15:38,465 |-INFO in ch.qos.logback.core.model.processor.DefaultProcessor@d0ec63 - End of configuration.
21:15:38,465 |-INFO in org.springframework.boot.logging.logback.SpringBootJoranConfigurator@5a5c128 - Registering current configuration as safe fallback point


  .   ____          _            __ _ _
 /\\ / ___'_ __ _ _(_)_ __  __ _ \ \ \ \
( ( )\___ | '_ | '_| | '_ \/ _` | \ \ \ \
 \\/  ___)| |_)| | | | | || (_| |  ) ) ) )
  '  |____| .__|_| |_|_| |_\__, | / / / /
 =========|_|==============|___/=/_/_/_/

 :: Spring Boot ::                (v3.4.5)

21:15:38.714 INFO  --- o.h.validator.internal.util.Version      : HV000001: Hibernate Validator 8.0.2.Final
21:15:38.812 INFO  --- c.pasajeya.PasajeYaApplicationTests      : Starting PasajeYaApplicationTests using Java 23.0.2 with PID 13476 (started by Enrique in D:\Enrique\UTP\Ciclo 6\Curso Integrador - Sistemas Software\proyecto\pasaje-ya-backend)
21:15:38.812 DEBUG --- c.pasajeya.PasajeYaApplicationTests      : Running with Spring Boot v3.4.5, Spring v6.2.6
21:15:38.812 INFO  --- c.pasajeya.PasajeYaApplicationTests      : No active profile set, falling back to 1 default profile: "default"
21:15:43.913 INFO  --- c.pasajeya.PasajeYaApplicationTests      : Started PasajeYaApplicationTests in 6.16 seconds (process running for 8.709)
]]></system-out>
    <system-err><![CDATA[Mockito is currently self-attaching to enable the inline-mock-maker. This will no longer work in future releases of the JDK. Please add Mockito as an agent to your build what is described in Mockito's documentation: https://javadoc.io/doc/org.mockito/mockito-core/latest/org/mockito/Mockito.html#0.3
WARNING: A Java agent has been loaded dynamically (C:\Users\HP\.m2\repository\net\bytebuddy\byte-buddy-agent\1.15.11\byte-buddy-agent-1.15.11.jar)
WARNING: If a serviceability tool is in use, please run with -XX:+EnableDynamicAgentLoading to hide this warning
WARNING: If a serviceability tool is not in use, please run with -Djdk.instrument.traceUsage for more information
WARNING: Dynamic loading of agents will be disallowed by default in a future release
]]></system-err>
  </testcase>
</testsuite>